{"C:\\Users\\David\\Source\\Manda.node\\controllers\\calculadora.js":{"path":"C:\\Users\\David\\Source\\Manda.node\\controllers\\calculadora.js","s":{"1":1,"2":1,"3":2,"4":2,"5":2,"6":2,"7":2,"8":3,"9":3,"10":3,"11":3,"12":5,"13":2,"14":5,"15":5,"16":0,"17":0,"18":0,"19":0,"20":0,"21":0,"22":0,"23":0,"24":0,"25":0,"26":0,"27":0,"28":0,"29":0,"30":0,"31":0,"32":0,"33":0,"34":0,"35":0,"36":0,"37":0,"38":0,"39":0,"40":0,"41":0,"42":0,"43":0,"44":0,"45":0,"46":0,"47":0,"48":0,"49":0,"50":0,"51":0,"52":0,"53":0,"54":0,"55":0,"56":0,"57":0,"58":0,"59":0,"60":0,"61":0,"62":0,"63":0,"64":0,"65":0,"66":0,"67":0,"68":0,"69":0,"70":0,"71":0,"72":0,"73":0,"74":0,"75":0,"76":0,"77":0,"78":0,"79":0,"80":0,"81":0,"82":0,"83":0,"84":0,"85":0,"86":0,"87":0,"88":0,"89":0,"90":0,"91":0,"92":0,"93":0,"94":0,"95":0,"96":0,"97":0,"98":0,"99":0,"100":0,"101":0,"102":0,"103":0,"104":0,"105":0,"106":0,"107":0,"108":0,"109":0,"110":0,"111":0,"112":0,"113":0,"114":0,"115":0,"116":0,"117":0,"118":0,"119":0,"120":0,"121":0,"122":0,"123":0,"124":0,"125":0,"126":0,"127":0,"128":0,"129":0,"130":0,"131":0,"132":0,"133":0,"134":0,"135":0,"136":0,"137":0,"138":0,"139":0,"140":0,"141":0,"142":0,"143":0,"144":0,"145":0,"146":0,"147":0,"148":0,"149":0,"150":0,"151":0,"152":0,"153":0,"154":0,"155":0,"156":0,"157":0,"158":0,"159":0,"160":0,"161":0,"162":0,"163":0,"164":0,"165":0,"166":0,"167":0,"168":0,"169":0,"170":0,"171":0,"172":0,"173":0,"174":0,"175":0,"176":0,"177":0,"178":0,"179":0,"180":0,"181":0,"182":0,"183":0,"184":0,"185":0,"186":0,"187":0,"188":0,"189":0,"190":0,"191":0,"192":0,"193":0,"194":0,"195":0,"196":0,"197":0,"198":0,"199":0,"200":0,"201":0,"202":0,"203":0,"204":0,"205":0,"206":0,"207":0,"208":0,"209":0,"210":0,"211":0,"212":0,"213":0,"214":0,"215":0,"216":0,"217":0,"218":0,"219":0,"220":0,"221":0,"222":0,"223":0,"224":0,"225":0,"226":0,"227":0,"228":0,"229":1},"b":{"1":[0,0],"2":[0,0]},"f":{"1":1,"2":2,"3":3,"4":5,"5":2,"6":5,"7":5,"8":0,"9":0,"10":0,"11":0,"12":0,"13":0,"14":0,"15":0,"16":0,"17":0,"18":0,"19":0,"20":0,"21":0,"22":0,"23":0,"24":0},"fnMap":{"1":{"name":"(anonymous_1)","line":1,"loc":{"start":{"line":1,"column":17},"end":{"line":1,"column":28}}},"2":{"name":"(anonymous_2)","line":4,"loc":{"start":{"line":4,"column":21},"end":{"line":4,"column":41}}},"3":{"name":"(anonymous_3)","line":17,"loc":{"start":{"line":17,"column":14},"end":{"line":17,"column":35}}},"4":{"name":"(anonymous_4)","line":26,"loc":{"start":{"line":26,"column":11},"end":{"line":26,"column":38}}},"5":{"name":"(anonymous_5)","line":30,"loc":{"start":{"line":30,"column":14},"end":{"line":30,"column":41}}},"6":{"name":"(anonymous_6)","line":34,"loc":{"start":{"line":34,"column":17},"end":{"line":34,"column":44}}},"7":{"name":"(anonymous_7)","line":38,"loc":{"start":{"line":38,"column":13},"end":{"line":38,"column":40}}},"8":{"name":"(anonymous_8)","line":42,"loc":{"start":{"line":42,"column":32},"end":{"line":42,"column":58}}},"9":{"name":"(anonymous_9)","line":49,"loc":{"start":{"line":49,"column":29},"end":{"line":52,"column":16}}},"10":{"name":"(anonymous_10)","line":80,"loc":{"start":{"line":80,"column":30},"end":{"line":83,"column":16}}},"11":{"name":"(anonymous_11)","line":111,"loc":{"start":{"line":111,"column":30},"end":{"line":114,"column":16}}},"12":{"name":"(anonymous_12)","line":142,"loc":{"start":{"line":142,"column":33},"end":{"line":145,"column":16}}},"13":{"name":"(anonymous_13)","line":174,"loc":{"start":{"line":174,"column":34},"end":{"line":177,"column":16}}},"14":{"name":"(anonymous_14)","line":206,"loc":{"start":{"line":206,"column":34},"end":{"line":209,"column":16}}},"15":{"name":"(anonymous_15)","line":238,"loc":{"start":{"line":238,"column":37},"end":{"line":241,"column":16}}},"16":{"name":"(anonymous_16)","line":271,"loc":{"start":{"line":271,"column":37},"end":{"line":271,"column":64}}},"17":{"name":"(anonymous_17)","line":279,"loc":{"start":{"line":279,"column":20},"end":{"line":279,"column":40}}},"18":{"name":"(anonymous_18)","line":287,"loc":{"start":{"line":287,"column":22},"end":{"line":287,"column":37}}},"19":{"name":"(anonymous_19)","line":302,"loc":{"start":{"line":302,"column":10},"end":{"line":302,"column":38}}},"20":{"name":"(anonymous_20)","line":306,"loc":{"start":{"line":306,"column":10},"end":{"line":306,"column":38}}},"21":{"name":"(anonymous_21)","line":310,"loc":{"start":{"line":310,"column":13},"end":{"line":310,"column":41}}},"22":{"name":"(anonymous_22)","line":314,"loc":{"start":{"line":314,"column":16},"end":{"line":314,"column":44}}},"23":{"name":"(anonymous_23)","line":318,"loc":{"start":{"line":318,"column":12},"end":{"line":318,"column":40}}},"24":{"name":"(anonymous_24)","line":324,"loc":{"start":{"line":324,"column":13},"end":{"line":324,"column":41}}}},"statementMap":{"1":{"start":{"line":1,"column":0},"end":{"line":335,"column":2}},"2":{"start":{"line":2,"column":1},"end":{"line":332,"column":3}},"3":{"start":{"line":5,"column":4},"end":{"line":5,"column":43}},"4":{"start":{"line":6,"column":4},"end":{"line":8,"column":6}},"5":{"start":{"line":10,"column":4},"end":{"line":10,"column":64}},"6":{"start":{"line":11,"column":4},"end":{"line":11,"column":35}},"7":{"start":{"line":13,"column":4},"end":{"line":13,"column":20}},"8":{"start":{"line":18,"column":5},"end":{"line":18,"column":50}},"9":{"start":{"line":19,"column":5},"end":{"line":19,"column":50}},"10":{"start":{"line":21,"column":5},"end":{"line":21,"column":86}},"11":{"start":{"line":23,"column":5},"end":{"line":23,"column":22}},"12":{"start":{"line":27,"column":5},"end":{"line":27,"column":30}},"13":{"start":{"line":31,"column":5},"end":{"line":31,"column":28}},"14":{"start":{"line":35,"column":5},"end":{"line":35,"column":30}},"15":{"start":{"line":39,"column":5},"end":{"line":39,"column":30}},"16":{"start":{"line":43,"column":20},"end":{"line":43,"column":42}},"17":{"start":{"line":44,"column":20},"end":{"line":44,"column":41}},"18":{"start":{"line":45,"column":20},"end":{"line":45,"column":41}},"19":{"start":{"line":46,"column":20},"end":{"line":46,"column":36}},"20":{"start":{"line":47,"column":20},"end":{"line":47,"column":37}},"21":{"start":{"line":53,"column":20},"end":{"line":53,"column":39}},"22":{"start":{"line":54,"column":20},"end":{"line":54,"column":37}},"23":{"start":{"line":55,"column":20},"end":{"line":55,"column":37}},"24":{"start":{"line":56,"column":20},"end":{"line":56,"column":37}},"25":{"start":{"line":57,"column":20},"end":{"line":57,"column":37}},"26":{"start":{"line":58,"column":20},"end":{"line":58,"column":37}},"27":{"start":{"line":59,"column":20},"end":{"line":59,"column":37}},"28":{"start":{"line":60,"column":20},"end":{"line":60,"column":37}},"29":{"start":{"line":61,"column":20},"end":{"line":61,"column":37}},"30":{"start":{"line":62,"column":20},"end":{"line":62,"column":37}},"31":{"start":{"line":63,"column":20},"end":{"line":63,"column":38}},"32":{"start":{"line":64,"column":20},"end":{"line":64,"column":38}},"33":{"start":{"line":65,"column":20},"end":{"line":65,"column":38}},"34":{"start":{"line":66,"column":20},"end":{"line":66,"column":38}},"35":{"start":{"line":67,"column":20},"end":{"line":67,"column":38}},"36":{"start":{"line":68,"column":20},"end":{"line":68,"column":38}},"37":{"start":{"line":69,"column":20},"end":{"line":69,"column":38}},"38":{"start":{"line":70,"column":20},"end":{"line":70,"column":38}},"39":{"start":{"line":71,"column":20},"end":{"line":71,"column":38}},"40":{"start":{"line":72,"column":20},"end":{"line":72,"column":38}},"41":{"start":{"line":73,"column":20},"end":{"line":73,"column":38}},"42":{"start":{"line":74,"column":20},"end":{"line":74,"column":38}},"43":{"start":{"line":75,"column":20},"end":{"line":75,"column":38}},"44":{"start":{"line":76,"column":20},"end":{"line":76,"column":38}},"45":{"start":{"line":77,"column":20},"end":{"line":77,"column":38}},"46":{"start":{"line":78,"column":20},"end":{"line":78,"column":34}},"47":{"start":{"line":84,"column":20},"end":{"line":84,"column":39}},"48":{"start":{"line":85,"column":20},"end":{"line":85,"column":37}},"49":{"start":{"line":86,"column":20},"end":{"line":86,"column":37}},"50":{"start":{"line":87,"column":20},"end":{"line":87,"column":37}},"51":{"start":{"line":88,"column":20},"end":{"line":88,"column":37}},"52":{"start":{"line":89,"column":20},"end":{"line":89,"column":37}},"53":{"start":{"line":90,"column":20},"end":{"line":90,"column":37}},"54":{"start":{"line":91,"column":20},"end":{"line":91,"column":37}},"55":{"start":{"line":92,"column":20},"end":{"line":92,"column":37}},"56":{"start":{"line":93,"column":20},"end":{"line":93,"column":37}},"57":{"start":{"line":94,"column":20},"end":{"line":94,"column":38}},"58":{"start":{"line":95,"column":20},"end":{"line":95,"column":38}},"59":{"start":{"line":96,"column":20},"end":{"line":96,"column":38}},"60":{"start":{"line":97,"column":20},"end":{"line":97,"column":38}},"61":{"start":{"line":98,"column":20},"end":{"line":98,"column":38}},"62":{"start":{"line":99,"column":20},"end":{"line":99,"column":38}},"63":{"start":{"line":100,"column":20},"end":{"line":100,"column":38}},"64":{"start":{"line":101,"column":20},"end":{"line":101,"column":38}},"65":{"start":{"line":102,"column":20},"end":{"line":102,"column":38}},"66":{"start":{"line":103,"column":20},"end":{"line":103,"column":38}},"67":{"start":{"line":104,"column":20},"end":{"line":104,"column":38}},"68":{"start":{"line":105,"column":20},"end":{"line":105,"column":38}},"69":{"start":{"line":106,"column":20},"end":{"line":106,"column":38}},"70":{"start":{"line":107,"column":20},"end":{"line":107,"column":38}},"71":{"start":{"line":108,"column":20},"end":{"line":108,"column":38}},"72":{"start":{"line":109,"column":20},"end":{"line":109,"column":34}},"73":{"start":{"line":115,"column":20},"end":{"line":115,"column":39}},"74":{"start":{"line":116,"column":20},"end":{"line":116,"column":37}},"75":{"start":{"line":117,"column":20},"end":{"line":117,"column":37}},"76":{"start":{"line":118,"column":20},"end":{"line":118,"column":37}},"77":{"start":{"line":119,"column":20},"end":{"line":119,"column":37}},"78":{"start":{"line":120,"column":20},"end":{"line":120,"column":37}},"79":{"start":{"line":121,"column":20},"end":{"line":121,"column":37}},"80":{"start":{"line":122,"column":20},"end":{"line":122,"column":37}},"81":{"start":{"line":123,"column":20},"end":{"line":123,"column":37}},"82":{"start":{"line":124,"column":20},"end":{"line":124,"column":37}},"83":{"start":{"line":125,"column":20},"end":{"line":125,"column":38}},"84":{"start":{"line":126,"column":20},"end":{"line":126,"column":38}},"85":{"start":{"line":127,"column":20},"end":{"line":127,"column":38}},"86":{"start":{"line":128,"column":20},"end":{"line":128,"column":38}},"87":{"start":{"line":129,"column":20},"end":{"line":129,"column":38}},"88":{"start":{"line":130,"column":20},"end":{"line":130,"column":38}},"89":{"start":{"line":131,"column":20},"end":{"line":131,"column":38}},"90":{"start":{"line":132,"column":20},"end":{"line":132,"column":38}},"91":{"start":{"line":133,"column":20},"end":{"line":133,"column":38}},"92":{"start":{"line":134,"column":20},"end":{"line":134,"column":38}},"93":{"start":{"line":135,"column":20},"end":{"line":135,"column":38}},"94":{"start":{"line":136,"column":20},"end":{"line":136,"column":38}},"95":{"start":{"line":137,"column":20},"end":{"line":137,"column":38}},"96":{"start":{"line":138,"column":20},"end":{"line":138,"column":38}},"97":{"start":{"line":139,"column":20},"end":{"line":139,"column":38}},"98":{"start":{"line":140,"column":20},"end":{"line":140,"column":34}},"99":{"start":{"line":146,"column":20},"end":{"line":146,"column":39}},"100":{"start":{"line":147,"column":20},"end":{"line":147,"column":37}},"101":{"start":{"line":148,"column":20},"end":{"line":148,"column":37}},"102":{"start":{"line":149,"column":20},"end":{"line":149,"column":37}},"103":{"start":{"line":150,"column":20},"end":{"line":150,"column":37}},"104":{"start":{"line":151,"column":20},"end":{"line":151,"column":37}},"105":{"start":{"line":152,"column":20},"end":{"line":152,"column":37}},"106":{"start":{"line":153,"column":20},"end":{"line":153,"column":37}},"107":{"start":{"line":154,"column":20},"end":{"line":154,"column":37}},"108":{"start":{"line":155,"column":20},"end":{"line":155,"column":37}},"109":{"start":{"line":156,"column":20},"end":{"line":156,"column":38}},"110":{"start":{"line":157,"column":20},"end":{"line":157,"column":38}},"111":{"start":{"line":158,"column":20},"end":{"line":158,"column":38}},"112":{"start":{"line":159,"column":20},"end":{"line":159,"column":38}},"113":{"start":{"line":160,"column":20},"end":{"line":160,"column":38}},"114":{"start":{"line":161,"column":20},"end":{"line":161,"column":38}},"115":{"start":{"line":162,"column":20},"end":{"line":162,"column":38}},"116":{"start":{"line":163,"column":20},"end":{"line":163,"column":38}},"117":{"start":{"line":164,"column":20},"end":{"line":164,"column":38}},"118":{"start":{"line":165,"column":20},"end":{"line":165,"column":38}},"119":{"start":{"line":166,"column":20},"end":{"line":166,"column":38}},"120":{"start":{"line":167,"column":20},"end":{"line":167,"column":38}},"121":{"start":{"line":168,"column":20},"end":{"line":168,"column":38}},"122":{"start":{"line":169,"column":20},"end":{"line":169,"column":38}},"123":{"start":{"line":170,"column":20},"end":{"line":170,"column":38}},"124":{"start":{"line":171,"column":20},"end":{"line":171,"column":51}},"125":{"start":{"line":172,"column":20},"end":{"line":172,"column":39}},"126":{"start":{"line":178,"column":20},"end":{"line":178,"column":39}},"127":{"start":{"line":179,"column":20},"end":{"line":179,"column":37}},"128":{"start":{"line":180,"column":20},"end":{"line":180,"column":37}},"129":{"start":{"line":181,"column":20},"end":{"line":181,"column":37}},"130":{"start":{"line":182,"column":20},"end":{"line":182,"column":37}},"131":{"start":{"line":183,"column":20},"end":{"line":183,"column":37}},"132":{"start":{"line":184,"column":20},"end":{"line":184,"column":37}},"133":{"start":{"line":185,"column":20},"end":{"line":185,"column":37}},"134":{"start":{"line":186,"column":20},"end":{"line":186,"column":37}},"135":{"start":{"line":187,"column":20},"end":{"line":187,"column":37}},"136":{"start":{"line":188,"column":20},"end":{"line":188,"column":38}},"137":{"start":{"line":189,"column":20},"end":{"line":189,"column":38}},"138":{"start":{"line":190,"column":20},"end":{"line":190,"column":38}},"139":{"start":{"line":191,"column":20},"end":{"line":191,"column":38}},"140":{"start":{"line":192,"column":20},"end":{"line":192,"column":38}},"141":{"start":{"line":193,"column":20},"end":{"line":193,"column":38}},"142":{"start":{"line":194,"column":20},"end":{"line":194,"column":38}},"143":{"start":{"line":195,"column":20},"end":{"line":195,"column":38}},"144":{"start":{"line":196,"column":20},"end":{"line":196,"column":38}},"145":{"start":{"line":197,"column":20},"end":{"line":197,"column":38}},"146":{"start":{"line":198,"column":20},"end":{"line":198,"column":38}},"147":{"start":{"line":199,"column":20},"end":{"line":199,"column":38}},"148":{"start":{"line":200,"column":20},"end":{"line":200,"column":38}},"149":{"start":{"line":201,"column":20},"end":{"line":201,"column":38}},"150":{"start":{"line":202,"column":20},"end":{"line":202,"column":38}},"151":{"start":{"line":203,"column":20},"end":{"line":203,"column":51}},"152":{"start":{"line":204,"column":20},"end":{"line":204,"column":39}},"153":{"start":{"line":210,"column":20},"end":{"line":210,"column":39}},"154":{"start":{"line":211,"column":20},"end":{"line":211,"column":37}},"155":{"start":{"line":212,"column":20},"end":{"line":212,"column":37}},"156":{"start":{"line":213,"column":20},"end":{"line":213,"column":37}},"157":{"start":{"line":214,"column":20},"end":{"line":214,"column":37}},"158":{"start":{"line":215,"column":20},"end":{"line":215,"column":37}},"159":{"start":{"line":216,"column":20},"end":{"line":216,"column":37}},"160":{"start":{"line":217,"column":20},"end":{"line":217,"column":37}},"161":{"start":{"line":218,"column":20},"end":{"line":218,"column":37}},"162":{"start":{"line":219,"column":20},"end":{"line":219,"column":37}},"163":{"start":{"line":220,"column":20},"end":{"line":220,"column":38}},"164":{"start":{"line":221,"column":20},"end":{"line":221,"column":38}},"165":{"start":{"line":222,"column":20},"end":{"line":222,"column":38}},"166":{"start":{"line":223,"column":20},"end":{"line":223,"column":38}},"167":{"start":{"line":224,"column":20},"end":{"line":224,"column":38}},"168":{"start":{"line":225,"column":20},"end":{"line":225,"column":38}},"169":{"start":{"line":226,"column":20},"end":{"line":226,"column":38}},"170":{"start":{"line":227,"column":20},"end":{"line":227,"column":38}},"171":{"start":{"line":228,"column":20},"end":{"line":228,"column":38}},"172":{"start":{"line":229,"column":20},"end":{"line":229,"column":38}},"173":{"start":{"line":230,"column":20},"end":{"line":230,"column":38}},"174":{"start":{"line":231,"column":20},"end":{"line":231,"column":38}},"175":{"start":{"line":232,"column":20},"end":{"line":232,"column":38}},"176":{"start":{"line":233,"column":20},"end":{"line":233,"column":38}},"177":{"start":{"line":234,"column":20},"end":{"line":234,"column":38}},"178":{"start":{"line":235,"column":20},"end":{"line":235,"column":51}},"179":{"start":{"line":236,"column":20},"end":{"line":236,"column":39}},"180":{"start":{"line":242,"column":20},"end":{"line":242,"column":39}},"181":{"start":{"line":243,"column":20},"end":{"line":243,"column":37}},"182":{"start":{"line":244,"column":20},"end":{"line":244,"column":37}},"183":{"start":{"line":245,"column":20},"end":{"line":245,"column":37}},"184":{"start":{"line":246,"column":20},"end":{"line":246,"column":37}},"185":{"start":{"line":247,"column":20},"end":{"line":247,"column":37}},"186":{"start":{"line":248,"column":20},"end":{"line":248,"column":37}},"187":{"start":{"line":249,"column":20},"end":{"line":249,"column":37}},"188":{"start":{"line":250,"column":20},"end":{"line":250,"column":37}},"189":{"start":{"line":251,"column":20},"end":{"line":251,"column":37}},"190":{"start":{"line":252,"column":20},"end":{"line":252,"column":38}},"191":{"start":{"line":253,"column":20},"end":{"line":253,"column":38}},"192":{"start":{"line":254,"column":20},"end":{"line":254,"column":38}},"193":{"start":{"line":255,"column":20},"end":{"line":255,"column":38}},"194":{"start":{"line":256,"column":20},"end":{"line":256,"column":38}},"195":{"start":{"line":257,"column":20},"end":{"line":257,"column":38}},"196":{"start":{"line":258,"column":20},"end":{"line":258,"column":38}},"197":{"start":{"line":259,"column":20},"end":{"line":259,"column":38}},"198":{"start":{"line":260,"column":20},"end":{"line":260,"column":38}},"199":{"start":{"line":261,"column":20},"end":{"line":261,"column":38}},"200":{"start":{"line":262,"column":20},"end":{"line":262,"column":38}},"201":{"start":{"line":263,"column":20},"end":{"line":263,"column":38}},"202":{"start":{"line":264,"column":20},"end":{"line":264,"column":38}},"203":{"start":{"line":265,"column":20},"end":{"line":265,"column":38}},"204":{"start":{"line":266,"column":20},"end":{"line":266,"column":38}},"205":{"start":{"line":267,"column":20},"end":{"line":267,"column":55}},"206":{"start":{"line":268,"column":20},"end":{"line":268,"column":44}},"207":{"start":{"line":269,"column":20},"end":{"line":269,"column":39}},"208":{"start":{"line":272,"column":20},"end":{"line":272,"column":42}},"209":{"start":{"line":273,"column":20},"end":{"line":273,"column":41}},"210":{"start":{"line":274,"column":20},"end":{"line":274,"column":41}},"211":{"start":{"line":275,"column":20},"end":{"line":275,"column":37}},"212":{"start":{"line":276,"column":20},"end":{"line":276,"column":37}},"213":{"start":{"line":280,"column":4},"end":{"line":282,"column":5}},"214":{"start":{"line":281,"column":5},"end":{"line":281,"column":34}},"215":{"start":{"line":284,"column":4},"end":{"line":284,"column":15}},"216":{"start":{"line":288,"column":4},"end":{"line":292,"column":6}},"217":{"start":{"line":294,"column":4},"end":{"line":294,"column":72}},"218":{"start":{"line":295,"column":4},"end":{"line":295,"column":72}},"219":{"start":{"line":297,"column":4},"end":{"line":297,"column":22}},"220":{"start":{"line":303,"column":4},"end":{"line":303,"column":29}},"221":{"start":{"line":307,"column":4},"end":{"line":307,"column":29}},"222":{"start":{"line":311,"column":4},"end":{"line":311,"column":32}},"223":{"start":{"line":315,"column":4},"end":{"line":315,"column":35}},"224":{"start":{"line":319,"column":4},"end":{"line":319,"column":31}},"225":{"start":{"line":325,"column":4},"end":{"line":325,"column":70}},"226":{"start":{"line":326,"column":4},"end":{"line":326,"column":68}},"227":{"start":{"line":327,"column":4},"end":{"line":327,"column":66}},"228":{"start":{"line":329,"column":4},"end":{"line":329,"column":51}},"229":{"start":{"line":334,"column":1},"end":{"line":334,"column":19}}},"branchMap":{"1":{"line":280,"type":"if","locations":[{"start":{"line":280,"column":4},"end":{"line":280,"column":4}},{"start":{"line":280,"column":4},"end":{"line":280,"column":4}}]},"2":{"line":280,"type":"binary-expr","locations":[{"start":{"line":280,"column":7},"end":{"line":280,"column":16}},{"start":{"line":280,"column":20},"end":{"line":280,"column":36}}]}}}}